c:\users\chris\source\repos\mszmoddingapidll\mszmoddingapidll\x64\debug\vc142.pdb
c:\users\chris\source\repos\mszmoddingapidll\mszmoddingapidll\x64\debug\vc142.idb
c:\users\chris\source\repos\mszmoddingapidll\mszmoddingapidll\x64\debug\scanner.obj
c:\users\chris\source\repos\mszmoddingapidll\mszmoddingapidll\x64\debug\imgui_widgets.obj
c:\users\chris\source\repos\mszmoddingapidll\mszmoddingapidll\x64\debug\imgui_tables.obj
c:\users\chris\source\repos\mszmoddingapidll\mszmoddingapidll\x64\debug\imgui_draw.obj
c:\users\chris\source\repos\mszmoddingapidll\mszmoddingapidll\x64\debug\imgui.obj
c:\users\chris\source\repos\mszmoddingapidll\mszmoddingapidll\x64\debug\imgui_impl_win32.obj
c:\users\chris\source\repos\mszmoddingapidll\mszmoddingapidll\x64\debug\imgui_impl_dx11.obj
c:\users\chris\source\repos\mszmoddingapidll\mszmoddingapidll\x64\debug\hook.obj
c:\users\chris\source\repos\mszmoddingapidll\mszmoddingapidll\x64\debug\dllmain.obj
c:\users\chris\source\repos\mszmoddingapidll\mszmoddingapidll\x64\debug\crashhandler.obj
c:\users\chris\source\repos\mszmoddingapidll\mszmoddingapidll\x64\debug\api.obj
c:\users\chris\source\repos\mszmoddingapidll\x64\debug\mszmoddingapidll.pdb
c:\users\chris\source\repos\mszmoddingapidll\mszmoddingapidll\x64\debug\mszmoddingapidll.tlog\cl.command.1.tlog
c:\users\chris\source\repos\mszmoddingapidll\mszmoddingapidll\x64\debug\mszmoddingapidll.tlog\cl.read.1.tlog
c:\users\chris\source\repos\mszmoddingapidll\mszmoddingapidll\x64\debug\mszmoddingapidll.tlog\cl.write.1.tlog
c:\users\chris\source\repos\mszmoddingapidll\mszmoddingapidll\x64\debug\mszmoddingapidll.tlog\link-cvtres.read.1.tlog
c:\users\chris\source\repos\mszmoddingapidll\mszmoddingapidll\x64\debug\mszmoddingapidll.tlog\link-cvtres.write.1.tlog
c:\users\chris\source\repos\mszmoddingapidll\mszmoddingapidll\x64\debug\mszmoddingapidll.tlog\link-rc.read.1.tlog
c:\users\chris\source\repos\mszmoddingapidll\mszmoddingapidll\x64\debug\mszmoddingapidll.tlog\link-rc.write.1.tlog
c:\users\chris\source\repos\mszmoddingapidll\mszmoddingapidll\x64\debug\mszmoddingapidll.tlog\link.command.1.tlog
c:\users\chris\source\repos\mszmoddingapidll\mszmoddingapidll\x64\debug\mszmoddingapidll.tlog\link.read.1.tlog
c:\users\chris\source\repos\mszmoddingapidll\mszmoddingapidll\x64\debug\mszmoddingapidll.tlog\link.write.1.tlog
